<?xml version="1.0" encoding="UTF-8"?>
<testng-results skipped="0" failed="0" ignored="0" total="3" passed="3">
  <reporter-output>
  </reporter-output>
  <suite name="Default suite" duration-ms="71662" started-at="2019-08-28T12:51:20Z" finished-at="2019-08-28T12:52:32Z">
    <groups>
    </groups>
    <test name="Default test" duration-ms="71662" started-at="2019-08-28T12:51:20Z" finished-at="2019-08-28T12:52:32Z">
      <class name="com.Selenium.Testscript.OrangeHrmMain$Orangehrm">
        <test-method status="PASS" signature="urltest()[pri:0, instance:com.Selenium.Testscript.OrangeHrmMain$Orangehrm@2d52216b]" name="urltest" duration-ms="12944" started-at="2019-08-28T12:51:20Z" finished-at="2019-08-28T12:51:33Z">
          <reporter-output>
          </reporter-output>
        </test-method> <!-- urltest -->
        <test-method status="PASS" signature="contactSales()[pri:1, instance:com.Selenium.Testscript.OrangeHrmMain$Orangehrm@2d52216b]" name="contactSales" duration-ms="3096" started-at="2019-08-28T12:51:33Z" finished-at="2019-08-28T12:51:36Z">
          <reporter-output>
          </reporter-output>
        </test-method> <!-- contactSales -->
        <test-method status="PASS" signature="textArea()[pri:2, instance:com.Selenium.Testscript.OrangeHrmMain$Orangehrm@2d52216b]" name="textArea" duration-ms="55562" started-at="2019-08-28T12:51:36Z" finished-at="2019-08-28T12:52:32Z">
          <reporter-output>
          </reporter-output>
        </test-method> <!-- textArea -->
      </class> <!-- com.Selenium.Testscript.OrangeHrmMain$Orangehrm -->
    </test> <!-- Default test -->
  </suite> <!-- Default suite -->
</testng-results>
